  Main.cpp
C:\Users\agata\Desktop\grafika\src\Main.cpp(66,28): warning C4244: "=": konwersja z "double" do "float", możliwa utrata danych
C:\Users\agata\Desktop\grafika\src\Main.cpp(67,10): warning C4244: "=": konwersja z "int" do "float", możliwa utrata danych
C:\Users\agata\Desktop\grafika\src\Main.cpp(69,28): warning C4244: "=": konwersja z "double" do "float", możliwa utrata danych
C:\Users\agata\Desktop\grafika\src\Main.cpp(70,10): warning C4244: "=": konwersja z "int" do "float", możliwa utrata danych
C:\Users\agata\Desktop\grafika\src\Main.cpp(96,147): warning C4244: "argument": konwersja z "double" do "GLfloat", możliwa utrata danych
C:\Users\agata\Desktop\grafika\src\Main.cpp(96,110): warning C4244: "argument": konwersja z "double" do "GLfloat", możliwa utrata danych
C:\Users\agata\Desktop\grafika\src\Main.cpp(96,73): warning C4244: "argument": konwersja z "double" do "GLfloat", możliwa utrata danych
C:\Users\agata\Desktop\grafika\src\Main.cpp(97,148): warning C4244: "argument": konwersja z "double" do "GLfloat", możliwa utrata danych
C:\Users\agata\Desktop\grafika\src\Main.cpp(97,111): warning C4244: "argument": konwersja z "double" do "GLfloat", możliwa utrata danych
C:\Users\agata\Desktop\grafika\src\Main.cpp(97,74): warning C4244: "argument": konwersja z "double" do "GLfloat", możliwa utrata danych
C:\Users\agata\Desktop\grafika\src\Main.cpp(112,147): warning C4244: "argument": konwersja z "double" do "GLfloat", możliwa utrata danych
C:\Users\agata\Desktop\grafika\src\Main.cpp(112,110): warning C4244: "argument": konwersja z "double" do "GLfloat", możliwa utrata danych
C:\Users\agata\Desktop\grafika\src\Main.cpp(112,73): warning C4244: "argument": konwersja z "double" do "GLfloat", możliwa utrata danych
C:\Users\agata\Desktop\grafika\src\Main.cpp(113,148): warning C4244: "argument": konwersja z "double" do "GLfloat", możliwa utrata danych
C:\Users\agata\Desktop\grafika\src\Main.cpp(113,111): warning C4244: "argument": konwersja z "double" do "GLfloat", możliwa utrata danych
C:\Users\agata\Desktop\grafika\src\Main.cpp(113,74): warning C4244: "argument": konwersja z "double" do "GLfloat", możliwa utrata danych
C:\Users\agata\Desktop\grafika\src\Main.cpp(146,155): warning C4305: "argument": obcięcie z "double" do "T"
          with
          [
              T=float
          ]
C:\Users\agata\Desktop\grafika\src\Main.cpp(151,149): warning C4305: "argument": obcięcie z "double" do "T"
          with
          [
              T=float
          ]
C:\Users\agata\Desktop\grafika\src\Main.cpp(152,150): warning C4305: "argument": obcięcie z "double" do "T"
          with
          [
              T=float
          ]
C:\Users\agata\Desktop\grafika\src\Main.cpp(153,150): warning C4305: "argument": obcięcie z "double" do "T"
          with
          [
              T=float
          ]
C:\Users\agata\Desktop\grafika\src\Main.cpp(154,151): warning C4305: "argument": obcięcie z "double" do "T"
          with
          [
              T=float
          ]
C:\Users\agata\Desktop\grafika\src\Main.cpp(211,12): warning C4244: "argument": konwersja z "time_t" do "unsigned int", możliwa utrata danych
C:\Users\agata\Desktop\grafika\src\Main.cpp(251,20): warning C4018: "<": niezgodność typu ze znakiem/bez znaku
  Physics.cpp
  Generowanie kodu...
Camera.obj : warning LNK4075: zignorowano opcję „/EDITANDCONTINUE” z powodu określenia opcji „/INCREMENTAL:NO”
PhysXExtensions_static_32.lib(ExtCpuWorkerThread.obj) : warning LNK4099: nie znaleziono pliku PDB „PhysXExtensions_static_32.pdb” z elementem „PhysXExtensions_static_32.lib(ExtCpuWorkerThread.obj)” lub w pozycji „C:\Users\agata\Desktop\grafika\Debug\PhysXExtensions_static_32.pdb”; obiekt zostanie skonsolidowany bez informacji debugowania
PhysXExtensions_static_32.lib(ExtDefaultCpuDispatcher.obj) : warning LNK4099: nie znaleziono pliku PDB „PhysXExtensions_static_32.pdb” z elementem „PhysXExtensions_static_32.lib(ExtDefaultCpuDispatcher.obj)” lub w pozycji „C:\Users\agata\Desktop\grafika\Debug\PhysXExtensions_static_32.pdb”; obiekt zostanie skonsolidowany bez informacji debugowania
PhysXExtensions_static_32.lib(ExtDefaultErrorCallback.obj) : warning LNK4099: nie znaleziono pliku PDB „PhysXExtensions_static_32.pdb” z elementem „PhysXExtensions_static_32.lib(ExtDefaultErrorCallback.obj)” lub w pozycji „C:\Users\agata\Desktop\grafika\Debug\PhysXExtensions_static_32.pdb”; obiekt zostanie skonsolidowany bez informacji debugowania
PhysXExtensions_static_32.lib(ExtDefaultSimulationFilterShader.obj) : warning LNK4099: nie znaleziono pliku PDB „PhysXExtensions_static_32.pdb” z elementem „PhysXExtensions_static_32.lib(ExtDefaultSimulationFilterShader.obj)” lub w pozycji „C:\Users\agata\Desktop\grafika\Debug\PhysXExtensions_static_32.pdb”; obiekt zostanie skonsolidowany bez informacji debugowania
  grk-cw7.vcxproj -> C:\Users\agata\Desktop\grafika\Debug\space_project.exe
