  Camera.cpp
  Main.cpp
c:\users\devid\grafika-projekt-v2\src\main.cpp(58): warning C4244: "=": konwersja z "double" do "float", możliwa utrata danych
c:\users\devid\grafika-projekt-v2\src\main.cpp(59): warning C4244: "=": konwersja z "int" do "float", możliwa utrata danych
c:\users\devid\grafika-projekt-v2\src\main.cpp(61): warning C4244: "=": konwersja z "double" do "float", możliwa utrata danych
c:\users\devid\grafika-projekt-v2\src\main.cpp(62): warning C4244: "=": konwersja z "int" do "float", możliwa utrata danych
c:\users\devid\grafika-projekt-v2\src\main.cpp(147): warning C4305: "argument": obcięcie z "double" do "T"
          with
          [
              T=float
          ]
c:\users\devid\grafika-projekt-v2\src\main.cpp(155): warning C4305: "argument": obcięcie z "double" do "T"
          with
          [
              T=float
          ]
c:\users\devid\grafika-projekt-v2\src\main.cpp(166): warning C4244: "argument": konwersja z "time_t" do "unsigned int", możliwa utrata danych
  picopng.cpp
  Render_Utils.cpp
  Shader_Loader.cpp
  Texture.cpp
  Trwa generowanie kodu
  All 1441 functions were compiled because no usable IPDB/IOBJ from previous compilation was found.
  Zakończono generowanie kodu
  grk-cw7.vcxproj -> C:\Users\devid\grafika-projekt-v2\Release\spaceship_project.exe
